<?xml version="1.0" encoding="UTF-8"?>
<!-- Generated by org.testng.reporters.JUnitReportReporter -->
<testsuite hostname="DESKTOP-TV40J00" failures="0" tests="3" name="com.testng.test2" time="0.029" errors="0" timestamp="06 Nov 2022 05:50:52 GMT" skipped="0">
  <testcase classname="com.testng.test2" name="tc200" time="0.010"/>
  <testcase classname="com.testng.test2" name="tc300" time="0.003"/>
  <testcase classname="com.testng.test2" name="tc100" time="0.016"/>
</testsuite> <!-- com.testng.test2 -->
