<?xml version="1.0" encoding="UTF-8"?>
<!-- Generated by org.testng.reporters.JUnitReportReporter -->
<testsuite hostname="DESKTOP-TV40J00" failures="0" tests="1" name="com.testng.Parameter" time="5.847" errors="0" timestamp="20 Oct 2022 05:08:20 GMT" skipped="0">
  <testcase classname="com.testng.Parameter" name="login" time="5.847"/>
</testsuite> <!-- com.testng.Parameter -->
