<?xml version="1.0" encoding="UTF-8"?>
<!-- Generated by org.testng.reporters.JUnitReportReporter -->
<testsuite hostname="DESKTOP-TV40J00" failures="0" tests="4" name="com.testng.dataprovider" time="28.937" errors="0" timestamp="21 Nov 2022 06:22:13 GMT" skipped="0">
  <testcase classname="com.testng.dataprovider" name="login" time="7.647"/>
  <testcase classname="com.testng.dataprovider" name="login" time="5.941"/>
  <testcase classname="com.testng.dataprovider" name="login" time="8.795"/>
  <testcase classname="com.testng.dataprovider" name="login" time="6.554"/>
</testsuite> <!-- com.testng.dataprovider -->
