<?xml version="1.0" encoding="UTF-8"?>
<!-- Generated by org.testng.reporters.JUnitReportReporter -->
<testsuite hostname="DESKTOP-TV40J00" failures="0" tests="4" name="com.testng.dataprovider" time="23.115" errors="0" timestamp="21 Oct 2022 07:45:04 GMT" skipped="0">
  <testcase classname="com.testng.dataprovider" name="login" time="5.864"/>
  <testcase classname="com.testng.dataprovider" name="login" time="6.141"/>
  <testcase classname="com.testng.dataprovider" name="login" time="6.460"/>
  <testcase classname="com.testng.dataprovider" name="login" time="4.650"/>
</testsuite> <!-- com.testng.dataprovider -->
