<?xml version="1.0" encoding="UTF-8"?>
<!-- Generated by org.testng.reporters.JUnitReportReporter -->
<testsuite hostname="DESKTOP-TV40J00" failures="0" tests="3" name="com.testng.test3" time="0.028" errors="0" timestamp="06 Nov 2022 05:50:52 GMT" skipped="0">
  <testcase classname="com.testng.test3" name="tc2000" time="0.004"/>
  <testcase classname="com.testng.test3" name="tc3000" time="0.008"/>
  <testcase classname="com.testng.test3" name="tc1000" time="0.016"/>
</testsuite> <!-- com.testng.test3 -->
